[19.765s] Invoking command in '/home/deylahm/Desktop/occupancy_grid_demo': PYTHONPATH=/home/deylahm/Desktop/occupancy_grid_demo/build/occupancy_grid_demo/prefix_override:/home/deylahm/Desktop/occupancy_grid_demo/install/occupancy_grid_demo/lib/python3.8/site-packages:${PYTHONPATH} /usr/bin/python3 -W ignore:setup.py install is deprecated setup.py egg_info --egg-base build/occupancy_grid_demo build --build-base /home/deylahm/Desktop/occupancy_grid_demo/build/occupancy_grid_demo/build install --record /home/deylahm/Desktop/occupancy_grid_demo/build/occupancy_grid_demo/install.log --install-scripts $base/lib/occupancy_grid_demo --single-version-externally-managed install_data
[24.897s] running egg_info
[24.912s] creating build/occupancy_grid_demo/occupancy_grid_demo.egg-info
[24.923s] writing build/occupancy_grid_demo/occupancy_grid_demo.egg-info/PKG-INFO
[24.927s] writing dependency_links to build/occupancy_grid_demo/occupancy_grid_demo.egg-info/dependency_links.txt
[24.930s] writing entry points to build/occupancy_grid_demo/occupancy_grid_demo.egg-info/entry_points.txt
[24.932s] writing requirements to build/occupancy_grid_demo/occupancy_grid_demo.egg-info/requires.txt
[24.935s] writing top-level names to build/occupancy_grid_demo/occupancy_grid_demo.egg-info/top_level.txt
[24.960s] writing manifest file 'build/occupancy_grid_demo/occupancy_grid_demo.egg-info/SOURCES.txt'
[26.167s] reading manifest file 'build/occupancy_grid_demo/occupancy_grid_demo.egg-info/SOURCES.txt'
[26.215s] writing manifest file 'build/occupancy_grid_demo/occupancy_grid_demo.egg-info/SOURCES.txt'
[26.220s] running build
[26.228s] running build_py
[26.229s] creating /home/deylahm/Desktop/occupancy_grid_demo/build/occupancy_grid_demo/build
[26.232s] creating /home/deylahm/Desktop/occupancy_grid_demo/build/occupancy_grid_demo/build/lib
[26.240s] creating /home/deylahm/Desktop/occupancy_grid_demo/build/occupancy_grid_demo/build/lib/occupancy_grid_demo
[26.242s] copying occupancy_grid_demo/__init__.py -> /home/deylahm/Desktop/occupancy_grid_demo/build/occupancy_grid_demo/build/lib/occupancy_grid_demo
[26.283s] running install
[26.286s] running install_lib
[26.376s] creating /home/deylahm/Desktop/occupancy_grid_demo/install/occupancy_grid_demo/lib/python3.8/site-packages/occupancy_grid_demo
[26.379s] copying /home/deylahm/Desktop/occupancy_grid_demo/build/occupancy_grid_demo/build/lib/occupancy_grid_demo/__init__.py -> /home/deylahm/Desktop/occupancy_grid_demo/install/occupancy_grid_demo/lib/python3.8/site-packages/occupancy_grid_demo
[26.398s] byte-compiling /home/deylahm/Desktop/occupancy_grid_demo/install/occupancy_grid_demo/lib/python3.8/site-packages/occupancy_grid_demo/__init__.py to __init__.cpython-38.pyc
[26.464s] running install_data
[26.466s] creating /home/deylahm/Desktop/occupancy_grid_demo/install/occupancy_grid_demo/share/ament_index
[26.474s] creating /home/deylahm/Desktop/occupancy_grid_demo/install/occupancy_grid_demo/share/ament_index/resource_index
[26.477s] creating /home/deylahm/Desktop/occupancy_grid_demo/install/occupancy_grid_demo/share/ament_index/resource_index/packages
[26.479s] copying resource/occupancy_grid_demo -> /home/deylahm/Desktop/occupancy_grid_demo/install/occupancy_grid_demo/share/ament_index/resource_index/packages
[26.485s] copying package.xml -> /home/deylahm/Desktop/occupancy_grid_demo/install/occupancy_grid_demo/share/occupancy_grid_demo
[26.496s] running install_egg_info
[26.559s] Copying build/occupancy_grid_demo/occupancy_grid_demo.egg-info to /home/deylahm/Desktop/occupancy_grid_demo/install/occupancy_grid_demo/lib/python3.8/site-packages/occupancy_grid_demo-0.0.0-py3.8.egg-info
[26.574s] running install_scripts
[27.179s] Installing occupancy_grid_publisher script to /home/deylahm/Desktop/occupancy_grid_demo/install/occupancy_grid_demo/lib/occupancy_grid_demo
[27.211s] writing list of installed files to '/home/deylahm/Desktop/occupancy_grid_demo/build/occupancy_grid_demo/install.log'
[27.746s] Invoked command in '/home/deylahm/Desktop/occupancy_grid_demo' returned '0': PYTHONPATH=/home/deylahm/Desktop/occupancy_grid_demo/build/occupancy_grid_demo/prefix_override:/home/deylahm/Desktop/occupancy_grid_demo/install/occupancy_grid_demo/lib/python3.8/site-packages:${PYTHONPATH} /usr/bin/python3 -W ignore:setup.py install is deprecated setup.py egg_info --egg-base build/occupancy_grid_demo build --build-base /home/deylahm/Desktop/occupancy_grid_demo/build/occupancy_grid_demo/build install --record /home/deylahm/Desktop/occupancy_grid_demo/build/occupancy_grid_demo/install.log --install-scripts $base/lib/occupancy_grid_demo --single-version-externally-managed install_data
