[6.287s] DEBUG:colcon:Command line arguments: ['/usr/bin/colcon', 'build']
[6.287s] DEBUG:colcon:Parsed command line arguments: Namespace(allow_overriding=[], ament_cmake_args=None, base_paths=['.'], build_base='build', catkin_cmake_args=None, catkin_skip_building_tests=False, cmake_args=None, cmake_clean_cache=False, cmake_clean_first=False, cmake_force_configure=False, cmake_target=None, cmake_target_skip_unavailable=False, continue_on_error=False, event_handlers=None, executor='parallel', ignore_user_meta=False, install_base='install', log_base=None, log_level=None, main=<bound method BuildVerb.main of <colcon_core.verb.build.BuildVerb object at 0x7f1136d15640>>, merge_install=False, metas=['./colcon.meta'], mixin=None, mixin_files=None, mixin_verb=('build',), packages_above=None, packages_above_and_dependencies=None, packages_above_depth=None, packages_end=None, packages_ignore=None, packages_ignore_regex=None, packages_select=None, packages_select_build_failed=False, packages_select_by_dep=None, packages_select_regex=None, packages_select_test_failures=False, packages_skip=None, packages_skip_build_finished=False, packages_skip_by_dep=None, packages_skip_regex=None, packages_skip_test_passed=False, packages_skip_up_to=None, packages_start=None, packages_up_to=None, packages_up_to_regex=None, parallel_workers=1, paths=None, symlink_install=False, test_result_base=None, verb_extension=<colcon_core.verb.build.BuildVerb object at 0x7f1136d15640>, verb_name='build', verb_parser=<colcon_mixin.mixin.mixin_argument.MixinArgumentDecorator object at 0x7f1136d271f0>)
[12.498s] Level 1:colcon.colcon_core.package_discovery:discover_packages(colcon_meta) check parameters
[12.545s] Level 1:colcon.colcon_core.package_discovery:discover_packages(recursive) check parameters
[12.546s] Level 1:colcon.colcon_core.package_discovery:discover_packages(ignore) check parameters
[12.546s] Level 1:colcon.colcon_core.package_discovery:discover_packages(path) check parameters
[12.546s] Level 1:colcon.colcon_core.package_discovery:discover_packages(colcon_meta) discover
[12.546s] Level 1:colcon.colcon_core.package_discovery:discover_packages(recursive) discover
[12.547s] INFO:colcon.colcon_core.package_discovery:Crawling recursively for packages in '/home/deylahm/Desktop/occupancy_grid_demo'
[12.547s] Level 1:colcon.colcon_core.package_identification:_identify(.) by extensions ['ignore', 'ignore_ament_install']
[12.548s] Level 1:colcon.colcon_core.package_identification:_identify(.) by extension 'ignore'
[12.548s] Level 1:colcon.colcon_core.package_identification:_identify(.) by extension 'ignore_ament_install'
[12.553s] Level 1:colcon.colcon_core.package_identification:_identify(.) by extensions ['colcon_pkg']
[12.554s] Level 1:colcon.colcon_core.package_identification:_identify(.) by extension 'colcon_pkg'
[12.554s] Level 1:colcon.colcon_core.package_identification:_identify(.) by extensions ['colcon_meta']
[12.554s] Level 1:colcon.colcon_core.package_identification:_identify(.) by extension 'colcon_meta'
[12.555s] Level 1:colcon.colcon_core.package_identification:_identify(.) by extensions ['ros']
[12.555s] Level 1:colcon.colcon_core.package_identification:_identify(.) by extension 'ros'
[12.868s] DEBUG:colcon.colcon_core.package_identification:Package '.' with type 'ros.ament_python' and name 'occupancy_grid_demo'
[12.869s] Level 1:colcon.colcon_core.package_discovery:discover_packages(recursive) using defaults
[12.869s] Level 1:colcon.colcon_core.package_discovery:discover_packages(ignore) discover
[12.869s] Level 1:colcon.colcon_core.package_discovery:discover_packages(ignore) using defaults
[12.870s] Level 1:colcon.colcon_core.package_discovery:discover_packages(path) discover
[12.870s] Level 1:colcon.colcon_core.package_discovery:discover_packages(path) using defaults
[13.237s] Level 1:colcon.colcon_core.package_discovery:discover_packages(prefix_path) check parameters
[13.238s] Level 1:colcon.colcon_core.package_discovery:discover_packages(prefix_path) discover
[13.326s] DEBUG:colcon.colcon_installed_package_information.package_discovery:Found 270 installed packages in /opt/ros/foxy
[13.388s] Level 1:colcon.colcon_core.package_discovery:discover_packages(prefix_path) using defaults
[16.255s] Level 5:colcon.colcon_core.verb:set package 'occupancy_grid_demo' build argument 'cmake_args' from command line to 'None'
[16.259s] Level 5:colcon.colcon_core.verb:set package 'occupancy_grid_demo' build argument 'cmake_target' from command line to 'None'
[16.259s] Level 5:colcon.colcon_core.verb:set package 'occupancy_grid_demo' build argument 'cmake_target_skip_unavailable' from command line to 'False'
[16.260s] Level 5:colcon.colcon_core.verb:set package 'occupancy_grid_demo' build argument 'cmake_clean_cache' from command line to 'False'
[16.260s] Level 5:colcon.colcon_core.verb:set package 'occupancy_grid_demo' build argument 'cmake_clean_first' from command line to 'False'
[16.260s] Level 5:colcon.colcon_core.verb:set package 'occupancy_grid_demo' build argument 'cmake_force_configure' from command line to 'False'
[16.260s] Level 5:colcon.colcon_core.verb:set package 'occupancy_grid_demo' build argument 'ament_cmake_args' from command line to 'None'
[16.261s] Level 5:colcon.colcon_core.verb:set package 'occupancy_grid_demo' build argument 'catkin_cmake_args' from command line to 'None'
[16.261s] Level 5:colcon.colcon_core.verb:set package 'occupancy_grid_demo' build argument 'catkin_skip_building_tests' from command line to 'False'
[16.261s] DEBUG:colcon.colcon_core.verb:Building package 'occupancy_grid_demo' with the following arguments: {'ament_cmake_args': None, 'build_base': '/home/deylahm/Desktop/occupancy_grid_demo/build/occupancy_grid_demo', 'catkin_cmake_args': None, 'catkin_skip_building_tests': False, 'cmake_args': None, 'cmake_clean_cache': False, 'cmake_clean_first': False, 'cmake_force_configure': False, 'cmake_target': None, 'cmake_target_skip_unavailable': False, 'install_base': '/home/deylahm/Desktop/occupancy_grid_demo/install/occupancy_grid_demo', 'merge_install': False, 'path': '/home/deylahm/Desktop/occupancy_grid_demo', 'symlink_install': False, 'test_result_base': None}
[16.262s] INFO:colcon.colcon_core.executor:Executing jobs using 'parallel' executor
[16.281s] DEBUG:colcon.colcon_parallel_executor.executor.parallel:run_until_complete
[16.282s] INFO:colcon.colcon_ros.task.ament_python.build:Building ROS package in '/home/deylahm/Desktop/occupancy_grid_demo' with build type 'ament_python'
[16.282s] Level 1:colcon.colcon_core.shell:create_environment_hook('occupancy_grid_demo', 'ament_prefix_path')
[16.360s] INFO:colcon.colcon_core.plugin_system:Skipping extension 'colcon_core.shell.bat': Not used on non-Windows systems
[16.364s] INFO:colcon.colcon_core.shell:Creating environment hook '/home/deylahm/Desktop/occupancy_grid_demo/install/occupancy_grid_demo/share/occupancy_grid_demo/hook/ament_prefix_path.ps1'
[16.370s] INFO:colcon.colcon_core.shell:Creating environment descriptor '/home/deylahm/Desktop/occupancy_grid_demo/install/occupancy_grid_demo/share/occupancy_grid_demo/hook/ament_prefix_path.dsv'
[16.378s] INFO:colcon.colcon_core.shell:Creating environment hook '/home/deylahm/Desktop/occupancy_grid_demo/install/occupancy_grid_demo/share/occupancy_grid_demo/hook/ament_prefix_path.sh'
[16.389s] INFO:colcon.colcon_core.shell:Skip shell extension 'powershell' for command environment: Not usable outside of PowerShell
[16.389s] DEBUG:colcon.colcon_core.shell:Skip shell extension 'dsv' for command environment
[24.328s] INFO:colcon.colcon_core.task.python.build:Building Python package in '/home/deylahm/Desktop/occupancy_grid_demo'
[24.346s] INFO:colcon.colcon_core.shell:Skip shell extension 'powershell' for command environment: Not usable outside of PowerShell
[24.347s] DEBUG:colcon.colcon_core.shell:Skip shell extension 'dsv' for command environment
[36.063s] DEBUG:colcon.colcon_core.event_handler.log_command:Invoking command in '/home/deylahm/Desktop/occupancy_grid_demo': PYTHONPATH=/home/deylahm/Desktop/occupancy_grid_demo/build/occupancy_grid_demo/prefix_override:/home/deylahm/Desktop/occupancy_grid_demo/install/occupancy_grid_demo/lib/python3.8/site-packages:${PYTHONPATH} /usr/bin/python3 -W ignore:setup.py install is deprecated setup.py egg_info --egg-base build/occupancy_grid_demo build --build-base /home/deylahm/Desktop/occupancy_grid_demo/build/occupancy_grid_demo/build install --record /home/deylahm/Desktop/occupancy_grid_demo/build/occupancy_grid_demo/install.log --install-scripts $base/lib/occupancy_grid_demo --single-version-externally-managed install_data
[44.047s] DEBUG:colcon.colcon_core.event_handler.log_command:Invoked command in '/home/deylahm/Desktop/occupancy_grid_demo' returned '0': PYTHONPATH=/home/deylahm/Desktop/occupancy_grid_demo/build/occupancy_grid_demo/prefix_override:/home/deylahm/Desktop/occupancy_grid_demo/install/occupancy_grid_demo/lib/python3.8/site-packages:${PYTHONPATH} /usr/bin/python3 -W ignore:setup.py install is deprecated setup.py egg_info --egg-base build/occupancy_grid_demo build --build-base /home/deylahm/Desktop/occupancy_grid_demo/build/occupancy_grid_demo/build install --record /home/deylahm/Desktop/occupancy_grid_demo/build/occupancy_grid_demo/install.log --install-scripts $base/lib/occupancy_grid_demo --single-version-externally-managed install_data
[44.168s] Level 1:colcon.colcon_core.environment:checking '/home/deylahm/Desktop/occupancy_grid_demo/install/occupancy_grid_demo' for CMake module files
[44.274s] Level 1:colcon.colcon_core.environment:checking '/home/deylahm/Desktop/occupancy_grid_demo/install/occupancy_grid_demo' for CMake config files
[44.284s] Level 1:colcon.colcon_core.environment:checking '/home/deylahm/Desktop/occupancy_grid_demo/install/occupancy_grid_demo/lib'
[44.310s] Level 1:colcon.colcon_core.environment:checking '/home/deylahm/Desktop/occupancy_grid_demo/install/occupancy_grid_demo/bin'
[44.310s] Level 1:colcon.colcon_core.environment:checking '/home/deylahm/Desktop/occupancy_grid_demo/install/occupancy_grid_demo/lib/pkgconfig/occupancy_grid_demo.pc'
[44.325s] Level 1:colcon.colcon_core.environment:checking '/home/deylahm/Desktop/occupancy_grid_demo/install/occupancy_grid_demo/lib/python3.8/site-packages'
[44.325s] Level 1:colcon.colcon_core.shell:create_environment_hook('occupancy_grid_demo', 'pythonpath')
[44.326s] INFO:colcon.colcon_core.shell:Creating environment hook '/home/deylahm/Desktop/occupancy_grid_demo/install/occupancy_grid_demo/share/occupancy_grid_demo/hook/pythonpath.ps1'
[44.350s] INFO:colcon.colcon_core.shell:Creating environment descriptor '/home/deylahm/Desktop/occupancy_grid_demo/install/occupancy_grid_demo/share/occupancy_grid_demo/hook/pythonpath.dsv'
[44.352s] INFO:colcon.colcon_core.shell:Creating environment hook '/home/deylahm/Desktop/occupancy_grid_demo/install/occupancy_grid_demo/share/occupancy_grid_demo/hook/pythonpath.sh'
[44.374s] Level 1:colcon.colcon_core.environment:checking '/home/deylahm/Desktop/occupancy_grid_demo/install/occupancy_grid_demo/bin'
[44.383s] Level 1:colcon.colcon_core.environment:create_environment_scripts_only(occupancy_grid_demo)
[44.395s] INFO:colcon.colcon_core.shell:Creating package script '/home/deylahm/Desktop/occupancy_grid_demo/install/occupancy_grid_demo/share/occupancy_grid_demo/package.ps1'
[44.552s] INFO:colcon.colcon_core.shell:Creating package descriptor '/home/deylahm/Desktop/occupancy_grid_demo/install/occupancy_grid_demo/share/occupancy_grid_demo/package.dsv'
[44.579s] INFO:colcon.colcon_core.shell:Creating package script '/home/deylahm/Desktop/occupancy_grid_demo/install/occupancy_grid_demo/share/occupancy_grid_demo/package.sh'
[44.612s] INFO:colcon.colcon_core.shell:Creating package script '/home/deylahm/Desktop/occupancy_grid_demo/install/occupancy_grid_demo/share/occupancy_grid_demo/package.bash'
[44.667s] INFO:colcon.colcon_core.shell:Creating package script '/home/deylahm/Desktop/occupancy_grid_demo/install/occupancy_grid_demo/share/occupancy_grid_demo/package.zsh'
[44.687s] Level 1:colcon.colcon_core.environment:create_file_with_runtime_dependencies(/home/deylahm/Desktop/occupancy_grid_demo/install/occupancy_grid_demo/share/colcon-core/packages/occupancy_grid_demo)
[44.713s] DEBUG:colcon.colcon_parallel_executor.executor.parallel:closing loop
[44.716s] DEBUG:colcon.colcon_parallel_executor.executor.parallel:loop closed
[44.716s] DEBUG:colcon.colcon_parallel_executor.executor.parallel:run_until_complete finished with '0'
[44.718s] DEBUG:colcon.colcon_core.event_reactor:joining thread
[44.931s] INFO:colcon.colcon_core.plugin_system:Skipping extension 'colcon_notification.desktop_notification.terminal_notifier': Not used on non-Darwin systems
[44.941s] INFO:colcon.colcon_core.plugin_system:Skipping extension 'colcon_notification.desktop_notification.win32': Not used on non-Windows systems
[44.941s] INFO:colcon.colcon_notification.desktop_notification:Sending desktop notification using 'notify2'
[46.389s] DEBUG:colcon.colcon_core.event_reactor:joined thread
[46.391s] INFO:colcon.colcon_core.shell:Creating prefix script '/home/deylahm/Desktop/occupancy_grid_demo/install/local_setup.ps1'
[46.414s] INFO:colcon.colcon_core.shell:Creating prefix util module '/home/deylahm/Desktop/occupancy_grid_demo/install/_local_setup_util_ps1.py'
[46.467s] INFO:colcon.colcon_core.shell:Creating prefix chain script '/home/deylahm/Desktop/occupancy_grid_demo/install/setup.ps1'
[46.494s] INFO:colcon.colcon_core.shell:Creating prefix script '/home/deylahm/Desktop/occupancy_grid_demo/install/local_setup.sh'
[46.507s] INFO:colcon.colcon_core.shell:Creating prefix util module '/home/deylahm/Desktop/occupancy_grid_demo/install/_local_setup_util_sh.py'
[46.523s] INFO:colcon.colcon_core.shell:Creating prefix chain script '/home/deylahm/Desktop/occupancy_grid_demo/install/setup.sh'
[46.578s] INFO:colcon.colcon_core.shell:Creating prefix script '/home/deylahm/Desktop/occupancy_grid_demo/install/local_setup.bash'
[46.586s] INFO:colcon.colcon_core.shell:Creating prefix chain script '/home/deylahm/Desktop/occupancy_grid_demo/install/setup.bash'
[46.602s] INFO:colcon.colcon_core.shell:Creating prefix script '/home/deylahm/Desktop/occupancy_grid_demo/install/local_setup.zsh'
[46.611s] INFO:colcon.colcon_core.shell:Creating prefix chain script '/home/deylahm/Desktop/occupancy_grid_demo/install/setup.zsh'
